<?xml version="1.0" encoding="UTF-8"?>
<!-- Generated by org.testng.reporters.JUnitReportReporter -->
<testsuite hostname="DESKTOP-7H6R1R9" failures="0" tests="6" name="LoginPageTest" time="55.416" errors="0" timestamp="2024-02-20T23:12:52 IST" skipped="0">
  <testcase classname="LoginPageTest" name="testLoginPageUI" time="9.988"/>
  <testcase classname="LoginPageTest" name="testLoginWithEmptyInputs" time="8.686"/>
  <testcase classname="LoginPageTest" name="testLoginWithEmptyUsername" time="8.166"/>
  <testcase classname="LoginPageTest" name="testLoginWithEmptyPassword" time="10.745"/>
  <testcase classname="LoginPageTest" name="testLoginWithInvalidCred" time="10.292"/>
  <testcase classname="LoginPageTest" name="testLoginWithValidCred" time="7.539"/>
</testsuite> <!-- LoginPageTest -->
