<?xml version="1.0" encoding="UTF-8"?>
<!-- Generated by org.testng.reporters.JUnitReportReporter -->
<testsuite hostname="DESKTOP-7H6R1R9" failures="0" tests="3" name="HomePageTest" time="33.957" errors="0" timestamp="2024-02-20T23:12:52 IST" skipped="0">
  <testcase classname="HomePageTest" name="testHeadingsOfEachSection" time="9.344"/>
  <testcase classname="HomePageTest" name="testPlayButtonIsDisplayed" time="14.710"/>
  <testcase classname="HomePageTest" name="testContactUsSection" time="9.903"/>
</testsuite> <!-- HomePageTest -->
