<?xml version="1.0" encoding="UTF-8"?>
<!-- Generated by org.testng.reporters.JUnitReportReporter -->
<testsuite hostname="DESKTOP-7H6R1R9" failures="0" tests="2" name="MovieDetailsPageTest" time="21.663" errors="0" timestamp="2024-02-20T23:12:52 IST" skipped="0">
  <testcase classname="MovieDetailsPageTest" name="testHomePageOneMovie" time="11.467"/>
  <testcase classname="MovieDetailsPageTest" name="testPopularPageOneMovie" time="10.196"/>
</testsuite> <!-- MovieDetailsPageTest -->
