<?xml version="1.0" encoding="UTF-8"?>
<!-- Generated by org.testng.reporters.JUnitReportReporter -->
<testsuite hostname="DESKTOP-7H6R1R9" failures="0" tests="2" name="SearchPageTest" time="30.167" errors="0" timestamp="2024-02-20T23:12:52 IST" skipped="0">
  <testcase classname="SearchPageTest" name="searchFunctionalityTest1" time="13.629"/>
  <testcase classname="SearchPageTest" name="searchFunctionalityTest2" time="16.538"/>
</testsuite> <!-- SearchPageTest -->
