<?xml version="1.0" encoding="UTF-8"?>
<!-- Generated by org.testng.reporters.JUnitReportReporter -->
<testsuite hostname="DESKTOP-7H6R1R9" failures="0" tests="1" name="PopularPageTest" time="10.790" errors="0" timestamp="2024-02-20T23:12:52 IST" skipped="0">
  <testcase classname="PopularPageTest" name="testMoviesDisplayed" time="10.790"/>
</testsuite> <!-- PopularPageTest -->
