<?xml version="1.0" encoding="UTF-8"?>
<!-- Generated by org.testng.reporters.JUnitReportReporter -->
<testsuite hostname="DESKTOP-7H6R1R9" failures="0" tests="2" name="HeaderSectionTest" time="25.360" errors="0" timestamp="2024-02-20T23:12:52 IST" skipped="0">
  <testcase classname="HeaderSectionTest" name="testHeaderSectionUI" time="13.902"/>
  <testcase classname="HeaderSectionTest" name="testHeaderSectionFunctionalities" time="11.458"/>
</testsuite> <!-- HeaderSectionTest -->
