<?xml version="1.0" encoding="UTF-8"?>
<!-- Generated by org.testng.reporters.JUnitReportReporter -->
<testsuite hostname="DESKTOP-7H6R1R9" failures="0" tests="2" name="AccountPageTest" time="24.913" errors="0" timestamp="2024-02-20T23:12:52 IST" skipped="0">
  <testcase classname="AccountPageTest" name="testAccountPageUI" time="14.294"/>
  <testcase classname="AccountPageTest" name="testLogoutFunctionality" time="10.619"/>
</testsuite> <!-- AccountPageTest -->
